<?xml version="1.0" encoding="UTF-8"?>
<!-- Generated by org.testng.reporters.JUnitXMLReporter -->
<testsuite hostname="DESKTOP-IUV45J7" ignored="1" name="Verify that valid user able to login into Mercury tours application by using valid username and password" tests="3" failures="0" timestamp="25 Apr 2019 05:04:03 GMT" time="68.639" errors="0">
  <testcase name="ExecuteLaunch" time="38.447" classname="mt.mstr.modules.Launch"/>
  <testcase name="ExecuteLoginwithvalidds" time="28.975" classname="mt.mstr.modules.Login"/>
  <testcase name="closeBrowser" time="1.17" classname="mt.mstr.utility.CloseBrowser"/>
  <testcase name="ExecuteLoginwithinvalidds" time="0.0" classname="mt.mstr.modules.Login">
    <ignored/>
  </testcase> <!-- ExecuteLoginwithinvalidds -->
</testsuite> <!-- Verify that valid user able to login into Mercury tours application by using valid username and password -->
