<?xml version="1.0" encoding="UTF-8"?>
<!-- Generated by org.testng.reporters.JUnitXMLReporter -->
<testsuite hostname="DESKTOP-IUV45J7" ignored="1" name="Verify that invalid user not able to login into Mercury tours application by using invalid username and password" tests="3" failures="0" timestamp="25 Apr 2019 05:04:21 GMT" time="17.457" errors="0">
  <testcase name="ExecuteLaunch" time="13.899" classname="mt.mstr.modules.Launch"/>
  <testcase name="ExecuteLoginwithinvalidds" time="3.2" classname="mt.mstr.modules.Login"/>
  <testcase name="closeBrowser" time="0.344" classname="mt.mstr.utility.CloseBrowser"/>
  <testcase name="ExecuteLoginwithvalidds" time="0.0" classname="mt.mstr.modules.Login">
    <ignored/>
  </testcase> <!-- ExecuteLoginwithvalidds -->
</testsuite> <!-- Verify that invalid user not able to login into Mercury tours application by using invalid username and password -->
