<?xml version="1.0" encoding="UTF-8"?>
<!-- Generated by org.testng.reporters.JUnitXMLReporter -->
<testsuite hostname="DESKTOP-IUV45J7" ignored="1" name="Verify that valid user able to login into Mercury tours application by using valid username and password" tests="3" failures="0" timestamp="25 Apr 2019 05:36:12 GMT" time="44.33" errors="0">
  <testcase name="ExecuteLaunch" time="33.507" classname="mt.mstr.modules.Launch"/>
  <testcase name="ExecuteLoginwithvalidds" time="10.443" classname="mt.mstr.modules.Login"/>
  <testcase name="closeBrowser" time="0.341" classname="mt.mstr.utility.CloseBrowser"/>
  <testcase name="ExecuteLoginwithinvalidds" time="0.0" classname="mt.mstr.modules.Login">
    <ignored/>
  </testcase> <!-- ExecuteLoginwithinvalidds -->
</testsuite> <!-- Verify that valid user able to login into Mercury tours application by using valid username and password -->
